# JRE version: OpenJDK Runtime Environment GraalVM CE 22.3.0 (17.0.5+8) (build 17.0.5+8-jvmci-22.3-b08)
# Java VM: OpenJDK 64-Bit Server VM GraalVM CE 22.3.0 (17.0.5+8-jvmci-22.3-b08, mixed mode, sharing, tiered, jvmci, jvmci compiler, compressed oops, compressed class ptrs, parallel gc, linux-amd64)
GC Precious Log:
 CPUs: 8 total, 1 available
 Memory: 1024M
 Large Page Support: Disabled
 NUMA Support: Disabled
 Compressed Oops: Enabled (32-bit)
 Alignments: Space 512K, Generation 512K, Heap 2M
 Heap Min Capacity: 100M
 Heap Initial Capacity: 100M
 Heap Max Capacity: 512M
 Pre-touch: Disabled
 Parallel Workers: 1
Heap:
 PSYoungGen      total 22016K, used 17407K [0x00000000f5580000, 0x00000000f7180000, 0x0000000100000000)
  eden space 17408K, 99% used [0x00000000f5580000,0x00000000f667fff8,0x00000000f6680000)
  from space 4608K, 0% used [0x00000000f6d00000,0x00000000f6d00000,0x00000000f7180000)
  to   space 5120K, 0% used [0x00000000f6680000,0x00000000f6680000,0x00000000f6b80000)
 ParOldGen       total 349696K, used 349695K [0x00000000e0000000, 0x00000000f5580000, 0x00000000f5580000)
  object space 349696K, 99% used [0x00000000e0000000,0x00000000f557fff8,0x00000000f5580000)
 Metaspace       used 58676K, committed 59840K, reserved 1105920K
  class space    used 5844K, committed 6272K, reserved 1048576K
GC Heap History (20 events):
Event: 476.180 GC heap before
{Heap before GC invocations=442 (full 316):
 PSYoungGen      total 22016K, used 17407K [0x00000000f5580000, 0x00000000f7180000, 0x0000000100000000)
  eden space 17408K, 99% used [0x00000000f5580000,0x00000000f667fff8,0x00000000f6680000)
  from space 4608K, 0% used [0x00000000f6d00000,0x00000000f6d00000,0x00000000f7180000)
  to   space 5120K, 0% used [0x00000000f6680000,0x00000000f6680000,0x00000000f6b80000)
 ParOldGen       total 349696K, used 349695K [0x00000000e0000000, 0x00000000f5580000, 0x00000000f5580000)
  object space 349696K, 99% used [0x00000000e0000000,0x00000000f557ffd8,0x00000000f5580000)
 Metaspace       used 58676K, committed 59840K, reserved 1105920K
  class space    used 5844K, committed 6272K, reserved 1048576K
}
Event: 478.880 GC heap after
{Heap after GC invocations=442 (full 316):
 PSYoungGen      total 22528K, used 17407K [0x00000000f5580000, 0x00000000f7180000, 0x0000000100000000)
  eden space 17408K, 99% used [0x00000000f5580000,0x00000000f667fff8,0x00000000f6680000)
  from space 5120K, 0% used [0x00000000f6680000,0x00000000f6680000,0x00000000f6b80000)
  to   space 4608K, 0% used [0x00000000f6d00000,0x00000000f6d00000,0x00000000f7180000)
 ParOldGen       total 349696K, used 349695K [0x00000000e0000000, 0x00000000f5580000, 0x00000000f5580000)
  object space 349696K, 99% used [0x00000000e0000000,0x00000000f557ffb8,0x00000000f5580000)
 Metaspace       used 58676K, committed 59840K, reserved 1105920K
  class space    used 5844K, committed 6272K, reserved 1048576K
}
Event: 478.883 GC heap before
{Heap before GC invocations=443 (full 317):
 PSYoungGen      total 22528K, used 17407K [0x00000000f5580000, 0x00000000f7180000, 0x0000000100000000)
  eden space 17408K, 99% used [0x00000000f5580000,0x00000000f667fff8,0x00000000f6680000)
  from space 5120K, 0% used [0x00000000f6680000,0x00000000f6680000,0x00000000f6b80000)
  to   space 4608K, 0% used [0x00000000f6d00000,0x00000000f6d00000,0x00000000f7180000)
 ParOldGen       total 349696K, used 349696K [0x00000000e0000000, 0x00000000f5580000, 0x00000000f5580000)
  object space 349696K, 100% used [0x00000000e0000000,0x00000000f5580000,0x00000000f5580000)
 Metaspace       used 58676K, committed 59840K, reserved 1105920K
  class space    used 5844K, committed 6272K, reserved 1048576K
}
Event: 481.132 GC heap after
{Heap after GC invocations=443 (full 317):
 PSYoungGen      total 22016K, used 17407K [0x00000000f5580000, 0x00000000f7180000, 0x0000000100000000)
  eden space 17408K, 99% used [0x00000000f5580000,0x00000000f667fff8,0x00000000f6680000)
  from space 4608K, 0% used [0x00000000f6d00000,0x00000000f6d00000,0x00000000f7180000)
  to   space 5120K, 0% used [0x00000000f6680000,0x00000000f6680000,0x00000000f6b80000)
 ParOldGen       total 349696K, used 349696K [0x00000000e0000000, 0x00000000f5580000, 0x00000000f5580000)
  object space 349696K, 100% used [0x00000000e0000000,0x00000000f5580000,0x00000000f5580000)
 Metaspace       used 58676K, committed 59840K, reserved 1105920K
  class space    used 5844K, committed 6272K, reserved 1048576K
}
Event: 481.132 GC heap before
{Heap before GC invocations=444 (full 318):
 PSYoungGen      total 22016K, used 17407K [0x00000000f5580000, 0x00000000f7180000, 0x0000000100000000)
  eden space 17408K, 99% used [0x00000000f5580000,0x00000000f667fff8,0x00000000f6680000)
  from space 4608K, 0% used [0x00000000f6d00000,0x00000000f6d00000,0x00000000f7180000)
  to   space 5120K, 0% used [0x00000000f6680000,0x00000000f6680000,0x00000000f6b80000)
 ParOldGen       total 349696K, used 349696K [0x00000000e0000000, 0x00000000f5580000, 0x00000000f5580000)
  object space 349696K, 100% used [0x00000000e0000000,0x00000000f5580000,0x00000000f5580000)
 Metaspace       used 58676K, committed 59840K, reserved 1105920K
  class space    used 5844K, committed 6272K, reserved 1048576K
}
Event: 483.303 GC heap after
{Heap after GC invocations=444 (full 318):
 PSYoungGen      total 22528K, used 17407K [0x00000000f5580000, 0x00000000f7180000, 0x0000000100000000)
  eden space 17408K, 99% used [0x00000000f5580000,0x00000000f667fff8,0x00000000f6680000)
  from space 5120K, 0% used [0x00000000f6680000,0x00000000f6680000,0x00000000f6b80000)
  to   space 4608K, 0% used [0x00000000f6d00000,0x00000000f6d00000,0x00000000f7180000)
 ParOldGen       total 349696K, used 349696K [0x00000000e0000000, 0x00000000f5580000, 0x00000000f5580000)
  object space 349696K, 100% used [0x00000000e0000000,0x00000000f5580000,0x00000000f5580000)
 Metaspace       used 58676K, committed 59840K, reserved 1105920K
  class space    used 5844K, committed 6272K, reserved 1048576K
}
Event: 483.303 GC heap before
{Heap before GC invocations=445 (full 319):
 PSYoungGen      total 22528K, used 17407K [0x00000000f5580000, 0x00000000f7180000, 0x0000000100000000)
  eden space 17408K, 99% used [0x00000000f5580000,0x00000000f667fff8,0x00000000f6680000)
  from space 5120K, 0% used [0x00000000f6680000,0x00000000f6680000,0x00000000f6b80000)
  to   space 4608K, 0% used [0x00000000f6d00000,0x00000000f6d00000,0x00000000f7180000)
 ParOldGen       total 349696K, used 349696K [0x00000000e0000000, 0x00000000f5580000, 0x00000000f5580000)
  object space 349696K, 100% used [0x00000000e0000000,0x00000000f5580000,0x00000000f5580000)
 Metaspace       used 58676K, committed 59840K, reserved 1105920K
  class space    used 5844K, committed 6272K, reserved 1048576K
}
Event: 485.210 GC heap after
{Heap after GC invocations=445 (full 319):
 PSYoungGen      total 22016K, used 17407K [0x00000000f5580000, 0x00000000f7180000, 0x0000000100000000)
  eden space 17408K, 99% used [0x00000000f5580000,0x00000000f667fff8,0x00000000f6680000)
  from space 4608K, 0% used [0x00000000f6d00000,0x00000000f6d00000,0x00000000f7180000)
  to   space 5120K, 0% used [0x00000000f6680000,0x00000000f6680000,0x00000000f6b80000)
 ParOldGen       total 349696K, used 349695K [0x00000000e0000000, 0x00000000f5580000, 0x00000000f5580000)
  object space 349696K, 99% used [0x00000000e0000000,0x00000000f557ffe0,0x00000000f5580000)
 Metaspace       used 58676K, committed 59840K, reserved 1105920K
  class space    used 5844K, committed 6272K, reserved 1048576K
}
Event: 485.210 GC heap before
{Heap before GC invocations=446 (full 320):
 PSYoungGen      total 22016K, used 17407K [0x00000000f5580000, 0x00000000f7180000, 0x0000000100000000)
  eden space 17408K, 99% used [0x00000000f5580000,0x00000000f667fff8,0x00000000f6680000)
  from space 4608K, 0% used [0x00000000f6d00000,0x00000000f6d00000,0x00000000f7180000)
  to   space 5120K, 0% used [0x00000000f6680000,0x00000000f6680000,0x00000000f6b80000)
 ParOldGen       total 349696K, used 349695K [0x00000000e0000000, 0x00000000f5580000, 0x00000000f5580000)
  object space 349696K, 99% used [0x00000000e0000000,0x00000000f557ffe0,0x00000000f5580000)
 Metaspace       used 58676K, committed 59840K, reserved 1105920K
  class space    used 5844K, committed 6272K, reserved 1048576K
}
Event: 487.326 GC heap after
{Heap after GC invocations=446 (full 320):
 PSYoungGen      total 22528K, used 17407K [0x00000000f5580000, 0x00000000f7180000, 0x0000000100000000)
  eden space 17408K, 99% used [0x00000000f5580000,0x00000000f667fff8,0x00000000f6680000)
  from space 5120K, 0% used [0x00000000f6680000,0x00000000f6680000,0x00000000f6b80000)
  to   space 4608K, 0% used [0x00000000f6d00000,0x00000000f6d00000,0x00000000f7180000)
 ParOldGen       total 349696K, used 349695K [0x00000000e0000000, 0x00000000f5580000, 0x00000000f5580000)
  object space 349696K, 99% used [0x00000000e0000000,0x00000000f557ffe0,0x00000000f5580000)
 Metaspace       used 58676K, committed 59840K, reserved 1105920K
  class space    used 5844K, committed 6272K, reserved 1048576K
}
Event: 487.327 GC heap before
{Heap before GC invocations=447 (full 321):
 PSYoungGen      total 22528K, used 17407K [0x00000000f5580000, 0x00000000f7180000, 0x0000000100000000)
  eden space 17408K, 99% used [0x00000000f5580000,0x00000000f667fff8,0x00000000f6680000)
  from space 5120K, 0% used [0x00000000f6680000,0x00000000f6680000,0x00000000f6b80000)
  to   space 4608K, 0% used [0x00000000f6d00000,0x00000000f6d00000,0x00000000f7180000)
 ParOldGen       total 349696K, used 349696K [0x00000000e0000000, 0x00000000f5580000, 0x00000000f5580000)
  object space 349696K, 100% used [0x00000000e0000000,0x00000000f5580000,0x00000000f5580000)
 Metaspace       used 58676K, committed 59840K, reserved 1105920K
  class space    used 5844K, committed 6272K, reserved 1048576K
}
Event: 489.464 GC heap after
{Heap after GC invocations=447 (full 321):
 PSYoungGen      total 22016K, used 17407K [0x00000000f5580000, 0x00000000f7180000, 0x0000000100000000)
  eden space 17408K, 99% used [0x00000000f5580000,0x00000000f667fff8,0x00000000f6680000)
  from space 4608K, 0% used [0x00000000f6d00000,0x00000000f6d00000,0x00000000f7180000)
  to   space 5120K, 0% used [0x00000000f6680000,0x00000000f6680000,0x00000000f6b80000)
 ParOldGen       total 349696K, used 349695K [0x00000000e0000000, 0x00000000f5580000, 0x00000000f5580000)
  object space 349696K, 99% used [0x00000000e0000000,0x00000000f557ffe0,0x00000000f5580000)
 Metaspace       used 58676K, committed 59840K, reserved 1105920K
  class space    used 5844K, committed 6272K, reserved 1048576K
}
Event: 489.466 GC heap before
{Heap before GC invocations=448 (full 322):
 PSYoungGen      total 22016K, used 17407K [0x00000000f5580000, 0x00000000f7180000, 0x0000000100000000)
  eden space 17408K, 99% used [0x00000000f5580000,0x00000000f667fff8,0x00000000f6680000)
  from space 4608K, 0% used [0x00000000f6d00000,0x00000000f6d00000,0x00000000f7180000)
  to   space 5120K, 0% used [0x00000000f6680000,0x00000000f6680000,0x00000000f6b80000)
 ParOldGen       total 349696K, used 349696K [0x00000000e0000000, 0x00000000f5580000, 0x00000000f5580000)
  object space 349696K, 100% used [0x00000000e0000000,0x00000000f5580000,0x00000000f5580000)
 Metaspace       used 58676K, committed 59840K, reserved 1105920K
  class space    used 5844K, committed 6272K, reserved 1048576K
}
Event: 491.562 GC heap after
{Heap after GC invocations=448 (full 322):
 PSYoungGen      total 22528K, used 17407K [0x00000000f5580000, 0x00000000f7180000, 0x0000000100000000)
  eden space 17408K, 99% used [0x00000000f5580000,0x00000000f667fff8,0x00000000f6680000)
  from space 5120K, 0% used [0x00000000f6680000,0x00000000f6680000,0x00000000f6b80000)
  to   space 4608K, 0% used [0x00000000f6d00000,0x00000000f6d00000,0x00000000f7180000)
 ParOldGen       total 349696K, used 349695K [0x00000000e0000000, 0x00000000f5580000, 0x00000000f5580000)
  object space 349696K, 99% used [0x00000000e0000000,0x00000000f557ffe0,0x00000000f5580000)
 Metaspace       used 58676K, committed 59840K, reserved 1105920K
  class space    used 5844K, committed 6272K, reserved 1048576K
}
Event: 491.563 GC heap before
{Heap before GC invocations=449 (full 323):
 PSYoungGen      total 22528K, used 17407K [0x00000000f5580000, 0x00000000f7180000, 0x0000000100000000)
  eden space 17408K, 99% used [0x00000000f5580000,0x00000000f667fff8,0x00000000f6680000)
  from space 5120K, 0% used [0x00000000f6680000,0x00000000f6680000,0x00000000f6b80000)
  to   space 4608K, 0% used [0x00000000f6d00000,0x00000000f6d00000,0x00000000f7180000)
 ParOldGen       total 349696K, used 349696K [0x00000000e0000000, 0x00000000f5580000, 0x00000000f5580000)
  object space 349696K, 100% used [0x00000000e0000000,0x00000000f5580000,0x00000000f5580000)
 Metaspace       used 58676K, committed 59840K, reserved 1105920K
  class space    used 5844K, committed 6272K, reserved 1048576K
}
Event: 493.513 GC heap after
{Heap after GC invocations=449 (full 323):
 PSYoungGen      total 22016K, used 17407K [0x00000000f5580000, 0x00000000f7180000, 0x0000000100000000)
  eden space 17408K, 99% used [0x00000000f5580000,0x00000000f667fff8,0x00000000f6680000)
  from space 4608K, 0% used [0x00000000f6d00000,0x00000000f6d00000,0x00000000f7180000)
  to   space 5120K, 0% used [0x00000000f6680000,0x00000000f6680000,0x00000000f6b80000)
 ParOldGen       total 349696K, used 349695K [0x00000000e0000000, 0x00000000f5580000, 0x00000000f5580000)
  object space 349696K, 99% used [0x00000000e0000000,0x00000000f557ffe0,0x00000000f5580000)
 Metaspace       used 58676K, committed 59840K, reserved 1105920K
  class space    used 5844K, committed 6272K, reserved 1048576K
}
Event: 493.513 GC heap before
{Heap before GC invocations=450 (full 324):
 PSYoungGen      total 22016K, used 17407K [0x00000000f5580000, 0x00000000f7180000, 0x0000000100000000)
  eden space 17408K, 99% used [0x00000000f5580000,0x00000000f667fff8,0x00000000f6680000)
  from space 4608K, 0% used [0x00000000f6d00000,0x00000000f6d00000,0x00000000f7180000)
  to   space 5120K, 0% used [0x00000000f6680000,0x00000000f6680000,0x00000000f6b80000)
 ParOldGen       total 349696K, used 349695K [0x00000000e0000000, 0x00000000f5580000, 0x00000000f5580000)
  object space 349696K, 99% used [0x00000000e0000000,0x00000000f557fff8,0x00000000f5580000)
 Metaspace       used 58676K, committed 59840K, reserved 1105920K
  class space    used 5844K, committed 6272K, reserved 1048576K
}
Event: 495.674 GC heap after
{Heap after GC invocations=450 (full 324):
 PSYoungGen      total 22528K, used 17407K [0x00000000f5580000, 0x00000000f7180000, 0x0000000100000000)
  eden space 17408K, 99% used [0x00000000f5580000,0x00000000f667fff8,0x00000000f6680000)
  from space 5120K, 0% used [0x00000000f6680000,0x00000000f6680000,0x00000000f6b80000)
  to   space 4608K, 0% used [0x00000000f6d00000,0x00000000f6d00000,0x00000000f7180000)
 ParOldGen       total 349696K, used 349695K [0x00000000e0000000, 0x00000000f5580000, 0x00000000f5580000)
  object space 349696K, 99% used [0x00000000e0000000,0x00000000f557fff8,0x00000000f5580000)
 Metaspace       used 58676K, committed 59840K, reserved 1105920K
  class space    used 5844K, committed 6272K, reserved 1048576K
}
Event: 495.674 GC heap before
{Heap before GC invocations=451 (full 325):
 PSYoungGen      total 22528K, used 17407K [0x00000000f5580000, 0x00000000f7180000, 0x0000000100000000)
  eden space 17408K, 99% used [0x00000000f5580000,0x00000000f667fff8,0x00000000f6680000)
  from space 5120K, 0% used [0x00000000f6680000,0x00000000f6680000,0x00000000f6b80000)
  to   space 4608K, 0% used [0x00000000f6d00000,0x00000000f6d00000,0x00000000f7180000)
 ParOldGen       total 349696K, used 349695K [0x00000000e0000000, 0x00000000f5580000, 0x00000000f5580000)
  object space 349696K, 99% used [0x00000000e0000000,0x00000000f557fff8,0x00000000f5580000)
 Metaspace       used 58676K, committed 59840K, reserved 1105920K
  class space    used 5844K, committed 6272K, reserved 1048576K
}
Event: 497.857 GC heap after
{Heap after GC invocations=451 (full 325):
 PSYoungGen      total 22016K, used 17407K [0x00000000f5580000, 0x00000000f7180000, 0x0000000100000000)
  eden space 17408K, 99% used [0x00000000f5580000,0x00000000f667fff8,0x00000000f6680000)
  from space 4608K, 0% used [0x00000000f6d00000,0x00000000f6d00000,0x00000000f7180000)
  to   space 5120K, 0% used [0x00000000f6680000,0x00000000f6680000,0x00000000f6b80000)
 ParOldGen       total 349696K, used 349695K [0x00000000e0000000, 0x00000000f5580000, 0x00000000f5580000)
  object space 349696K, 99% used [0x00000000e0000000,0x00000000f557fff8,0x00000000f5580000)
 Metaspace       used 58676K, committed 59840K, reserved 1105920K
  class space    used 5844K, committed 6272K, reserved 1048576K
}

